marqsdkunity/build/outputs/logs/manifest-merger-debug-report.txt
-- Merging decision tree log ---
manifest
ADDED from src/main/AndroidManifest.xml:2:1-19:12
	package
		ADDED from src/main/AndroidManifest.xml:2:70-105
		INJECTED from src/main/AndroidManifest.xml
		INJECTED from src/main/AndroidManifest.xml
	android:versionName
		ADDED from src/main/AndroidManifest.xml:2:153-178
		INJECTED from src/main/AndroidManifest.xml
		INJECTED from src/main/AndroidManifest.xml
	xmlns:tools
		ADDED from src/main/AndroidManifest.xml:2:106-152
	android:versionCode
		ADDED from src/main/AndroidManifest.xml:2:179-202
		INJECTED from src/main/AndroidManifest.xml
		INJECTED from src/main/AndroidManifest.xml
	xmlns:android
		ADDED from src/main/AndroidManifest.xml:2:11-69
	android:installLocation
		ADDED from src/main/AndroidManifest.xml:2:203-243
supports-screens
ADDED from src/main/AndroidManifest.xml:3:3-163
	android:largeScreens
		ADDED from src/main/AndroidManifest.xml:3:78-105
	android:smallScreens
		ADDED from src/main/AndroidManifest.xml:3:21-48
	android:normalScreens
		ADDED from src/main/AndroidManifest.xml:3:49-77
	android:xlargeScreens
		ADDED from src/main/AndroidManifest.xml:3:106-134
	android:anyDensity
		ADDED from src/main/AndroidManifest.xml:3:135-160
application
ADDED from src/main/AndroidManifest.xml:4:3-12:17
MERGED from [marqsdkunity:marqSDKAndroid:unspecified] AndroidManifest.xml:25:5-130:19
	android:label
		ADDED from src/main/AndroidManifest.xml:4:92-124
	android:icon
		ADDED from src/main/AndroidManifest.xml:4:58-91
	android:allowBackup
		ADDED from [marqsdkunity:marqSDKAndroid:unspecified] AndroidManifest.xml:26:9-35
	android:banner
		ADDED from src/main/AndroidManifest.xml:4:148-185
	android:theme
		ADDED from src/main/AndroidManifest.xml:4:16-57
	android:isGame
		ADDED from src/main/AndroidManifest.xml:4:126-147
activity#com.arplanet.marqsdkunity.UnityPlayerActivity
ADDED from src/main/AndroidManifest.xml:5:5-11:16
	android:screenOrientation
		ADDED from src/main/AndroidManifest.xml:5:48-86
	android:label
		ADDED from src/main/AndroidManifest.xml:5:15-47
	android:launchMode
		ADDED from src/main/AndroidManifest.xml:5:87-118
	android:configChanges
		ADDED from src/main/AndroidManifest.xml:5:119-292
	android:name
		ADDED from src/main/AndroidManifest.xml:5:293-353
intent-filter#android.intent.action.MAIN+android.intent.category.LAUNCHER
ADDED from src/main/AndroidManifest.xml:6:7-9:23
action#android.intent.action.MAIN
ADDED from src/main/AndroidManifest.xml:7:9-61
	android:name
		ADDED from src/main/AndroidManifest.xml:7:17-58
category#android.intent.category.LAUNCHER
ADDED from src/main/AndroidManifest.xml:8:9-69
	android:name
		ADDED from src/main/AndroidManifest.xml:8:19-66
meta-data#unityplayer.UnityActivity
ADDED from src/main/AndroidManifest.xml:10:7-82
	android:value
		ADDED from src/main/AndroidManifest.xml:10:59-79
	android:name
		ADDED from src/main/AndroidManifest.xml:10:18-58
uses-sdk
ADDED from src/main/AndroidManifest.xml:13:3-72
MERGED from [marqsdkunity:marqSDKAndroid:unspecified] AndroidManifest.xml:7:5-9:41
	android:targetSdkVersion
		ADDED from src/main/AndroidManifest.xml:13:40-69
		INJECTED from src/main/AndroidManifest.xml
		INJECTED from src/main/AndroidManifest.xml
	android:minSdkVersion
		ADDED from src/main/AndroidManifest.xml:13:13-39
		INJECTED from src/main/AndroidManifest.xml
		INJECTED from src/main/AndroidManifest.xml
uses-feature#0x00020000
ADDED from src/main/AndroidManifest.xml:14:3-52
	android:glEsVersion
		ADDED from src/main/AndroidManifest.xml:14:17-49
uses-feature#android.hardware.vulkan
ADDED from src/main/AndroidManifest.xml:15:3-83
	android:required
		ADDED from src/main/AndroidManifest.xml:15:56-80
	android:name
		ADDED from src/main/AndroidManifest.xml:15:17-55
uses-feature#android.hardware.touchscreen
ADDED from src/main/AndroidManifest.xml:16:3-88
	android:required
		ADDED from src/main/AndroidManifest.xml:16:61-85
	android:name
		ADDED from src/main/AndroidManifest.xml:16:17-60
uses-feature#android.hardware.touchscreen.multitouch
ADDED from src/main/AndroidManifest.xml:17:3-99
	android:required
		ADDED from src/main/AndroidManifest.xml:17:72-96
	android:name
		ADDED from src/main/AndroidManifest.xml:17:17-71
uses-feature#android.hardware.touchscreen.multitouch.distinct
ADDED from src/main/AndroidManifest.xml:18:3-108
	android:required
		ADDED from src/main/AndroidManifest.xml:18:81-105
	android:name
		ADDED from src/main/AndroidManifest.xml:18:17-80
uses-permission#android.permission.CAMERA
ADDED from [marqsdkunity:marqSDKAndroid:unspecified] AndroidManifest.xml:11:5-65
	android:name
		ADDED from [marqsdkunity:marqSDKAndroid:unspecified] AndroidManifest.xml:11:22-62
uses-permission#android.permission.INTERNET
ADDED from [marqsdkunity:marqSDKAndroid:unspecified] AndroidManifest.xml:12:5-67
	android:name
		ADDED from [marqsdkunity:marqSDKAndroid:unspecified] AndroidManifest.xml:12:22-64
uses-permission#android.permission.ACCESS_NETWORK_STATE
ADDED from [marqsdkunity:marqSDKAndroid:unspecified] AndroidManifest.xml:13:5-79
	android:name
		ADDED from [marqsdkunity:marqSDKAndroid:unspecified] AndroidManifest.xml:13:22-76
uses-permission#android.permission.GET_ACCOUNTS
ADDED from [marqsdkunity:marqSDKAndroid:unspecified] AndroidManifest.xml:14:5-71
	android:name
		ADDED from [marqsdkunity:marqSDKAndroid:unspecified] AndroidManifest.xml:14:22-68
uses-permission#android.permission.WRITE_EXTERNAL_STORAGE
ADDED from [marqsdkunity:marqSDKAndroid:unspecified] AndroidManifest.xml:15:5-81
	android:name
		ADDED from [marqsdkunity:marqSDKAndroid:unspecified] AndroidManifest.xml:15:22-78
uses-permission#com.google.android.c2dm.permission.RECEIVE
ADDED from [marqsdkunity:marqSDKAndroid:unspecified] AndroidManifest.xml:16:5-82
	android:name
		ADDED from [marqsdkunity:marqSDKAndroid:unspecified] AndroidManifest.xml:16:22-79
uses-permission#android.permission.WAKE_LOCK
ADDED from [marqsdkunity:marqSDKAndroid:unspecified] AndroidManifest.xml:17:5-68
	android:name
		ADDED from [marqsdkunity:marqSDKAndroid:unspecified] AndroidManifest.xml:17:22-65
uses-permission#com.marq.plus.permission.C2D_MESSAGE
ADDED from [marqsdkunity:marqSDKAndroid:unspecified] AndroidManifest.xml:23:5-76
	android:name
		ADDED from [marqsdkunity:marqSDKAndroid:unspecified] AndroidManifest.xml:23:22-73
receiver#com.google.android.gms.gcm.GcmReceiver
ADDED from [marqsdkunity:marqSDKAndroid:unspecified] AndroidManifest.xml:41:9-50:20
	android:exported
		ADDED from [marqsdkunity:marqSDKAndroid:unspecified] AndroidManifest.xml:43:13-36
	android:permission
		ADDED from [marqsdkunity:marqSDKAndroid:unspecified] AndroidManifest.xml:44:13-73
	android:name
		ADDED from [marqsdkunity:marqSDKAndroid:unspecified] AndroidManifest.xml:42:13-66
intent-filter#com.google.android.c2dm.intent.RECEIVE+com.marq.plus
ADDED from [marqsdkunity:marqSDKAndroid:unspecified] AndroidManifest.xml:45:13-49:29
action#com.google.android.c2dm.intent.RECEIVE
ADDED from [marqsdkunity:marqSDKAndroid:unspecified] AndroidManifest.xml:46:17-81
	android:name
		ADDED from [marqsdkunity:marqSDKAndroid:unspecified] AndroidManifest.xml:46:25-78
category#com.marq.plus
ADDED from [marqsdkunity:marqSDKAndroid:unspecified] AndroidManifest.xml:48:17-58
	android:name
		ADDED from [marqsdkunity:marqSDKAndroid:unspecified] AndroidManifest.xml:48:27-55
service#com.marq.plus.MarqGcmListenerService
ADDED from [marqsdkunity:marqSDKAndroid:unspecified] AndroidManifest.xml:52:9-58:19
	android:exported
		ADDED from [marqsdkunity:marqSDKAndroid:unspecified] AndroidManifest.xml:54:13-37
	android:name
		ADDED from [marqsdkunity:marqSDKAndroid:unspecified] AndroidManifest.xml:53:13-64
intent-filter#com.google.android.c2dm.intent.RECEIVE
ADDED from [marqsdkunity:marqSDKAndroid:unspecified] AndroidManifest.xml:55:13-57:29
service#com.marq.plus.MarqInstanceIDListenerService
ADDED from [marqsdkunity:marqSDKAndroid:unspecified] AndroidManifest.xml:59:9-65:19
	android:exported
		ADDED from [marqsdkunity:marqSDKAndroid:unspecified] AndroidManifest.xml:61:13-37
	android:name
		ADDED from [marqsdkunity:marqSDKAndroid:unspecified] AndroidManifest.xml:60:13-71
intent-filter#com.google.android.gms.iid.InstanceID
ADDED from [marqsdkunity:marqSDKAndroid:unspecified] AndroidManifest.xml:62:13-64:29
action#com.google.android.gms.iid.InstanceID
ADDED from [marqsdkunity:marqSDKAndroid:unspecified] AndroidManifest.xml:63:17-80
	android:name
		ADDED from [marqsdkunity:marqSDKAndroid:unspecified] AndroidManifest.xml:63:25-77
activity#com.marq.plus.MarqSplashScreen
ADDED from [marqsdkunity:marqSDKAndroid:unspecified] AndroidManifest.xml:67:9-77:20
	android:screenOrientation
		ADDED from [marqsdkunity:marqSDKAndroid:unspecified] AndroidManifest.xml:71:13-49
	android:label
		ADDED from [marqsdkunity:marqSDKAndroid:unspecified] AndroidManifest.xml:70:13-45
	android:configChanges
		ADDED from [marqsdkunity:marqSDKAndroid:unspecified] AndroidManifest.xml:69:13-93
	android:name
		ADDED from [marqsdkunity:marqSDKAndroid:unspecified] AndroidManifest.xml:68:13-58
activity#com.marq.plus.ScratchActivity
ADDED from [marqsdkunity:marqSDKAndroid:unspecified] AndroidManifest.xml:78:9-83:20
	android:screenOrientation
		ADDED from [marqsdkunity:marqSDKAndroid:unspecified] AndroidManifest.xml:81:13-49
	android:configChanges
		ADDED from [marqsdkunity:marqSDKAndroid:unspecified] AndroidManifest.xml:80:13-63
	android:theme
		ADDED from [marqsdkunity:marqSDKAndroid:unspecified] AndroidManifest.xml:82:13-71
	android:name
		ADDED from [marqsdkunity:marqSDKAndroid:unspecified] AndroidManifest.xml:79:13-57
activity#com.marq.plus.MarqWebBrowser
ADDED from [marqsdkunity:marqSDKAndroid:unspecified] AndroidManifest.xml:84:9-89:20
	android:screenOrientation
		ADDED from [marqsdkunity:marqSDKAndroid:unspecified] AndroidManifest.xml:87:13-49
	android:configChanges
		ADDED from [marqsdkunity:marqSDKAndroid:unspecified] AndroidManifest.xml:86:13-63
	android:theme
		ADDED from [marqsdkunity:marqSDKAndroid:unspecified] AndroidManifest.xml:88:13-71
	android:name
		ADDED from [marqsdkunity:marqSDKAndroid:unspecified] AndroidManifest.xml:85:13-56
activity#com.marq.plus.MarqWebView
ADDED from [marqsdkunity:marqSDKAndroid:unspecified] AndroidManifest.xml:90:9-95:20
	android:screenOrientation
		ADDED from [marqsdkunity:marqSDKAndroid:unspecified] AndroidManifest.xml:93:13-49
	android:configChanges
		ADDED from [marqsdkunity:marqSDKAndroid:unspecified] AndroidManifest.xml:92:13-63
	android:theme
		ADDED from [marqsdkunity:marqSDKAndroid:unspecified] AndroidManifest.xml:94:13-71
	android:name
		ADDED from [marqsdkunity:marqSDKAndroid:unspecified] AndroidManifest.xml:91:13-53
activity#com.marq.plus.MarqHowTo
ADDED from [marqsdkunity:marqSDKAndroid:unspecified] AndroidManifest.xml:96:9-101:20
	android:screenOrientation
		ADDED from [marqsdkunity:marqSDKAndroid:unspecified] AndroidManifest.xml:99:13-49
	android:configChanges
		ADDED from [marqsdkunity:marqSDKAndroid:unspecified] AndroidManifest.xml:98:13-63
	android:theme
		ADDED from [marqsdkunity:marqSDKAndroid:unspecified] AndroidManifest.xml:100:13-71
	android:name
		ADDED from [marqsdkunity:marqSDKAndroid:unspecified] AndroidManifest.xml:97:13-51
activity#com.marq.plus.MarqGalleryList
ADDED from [marqsdkunity:marqSDKAndroid:unspecified] AndroidManifest.xml:102:9-107:20
	android:screenOrientation
		ADDED from [marqsdkunity:marqSDKAndroid:unspecified] AndroidManifest.xml:105:13-49
	android:configChanges
		ADDED from [marqsdkunity:marqSDKAndroid:unspecified] AndroidManifest.xml:104:13-63
	android:theme
		ADDED from [marqsdkunity:marqSDKAndroid:unspecified] AndroidManifest.xml:106:13-71
	android:name
		ADDED from [marqsdkunity:marqSDKAndroid:unspecified] AndroidManifest.xml:103:13-57
activity#com.marq.plus.MarqPhotoPreview
ADDED from [marqsdkunity:marqSDKAndroid:unspecified] AndroidManifest.xml:108:9-113:20
	android:screenOrientation
		ADDED from [marqsdkunity:marqSDKAndroid:unspecified] AndroidManifest.xml:111:13-49
	android:configChanges
		ADDED from [marqsdkunity:marqSDKAndroid:unspecified] AndroidManifest.xml:110:13-63
	android:theme
		ADDED from [marqsdkunity:marqSDKAndroid:unspecified] AndroidManifest.xml:112:13-71
	android:name
		ADDED from [marqsdkunity:marqSDKAndroid:unspecified] AndroidManifest.xml:109:13-58
meta-data#com.marq.plus.LaunchBySplashScreen
ADDED from [marqsdkunity:marqSDKAndroid:unspecified] AndroidManifest.xml:115:9-117:55
	android:value
		ADDED from [marqsdkunity:marqSDKAndroid:unspecified] AndroidManifest.xml:117:13-52
	android:name
		ADDED from [marqsdkunity:marqSDKAndroid:unspecified] AndroidManifest.xml:116:13-62
meta-data#com.marq.plus.ProductPathPrefix
ADDED from [marqsdkunity:marqSDKAndroid:unspecified] AndroidManifest.xml:118:9-120:40
	android:value
		ADDED from [marqsdkunity:marqSDKAndroid:unspecified] AndroidManifest.xml:120:13-37
	android:name
		ADDED from [marqsdkunity:marqSDKAndroid:unspecified] AndroidManifest.xml:119:13-59
meta-data#com.marq.plus.GalleryPathPrefix
ADDED from [marqsdkunity:marqSDKAndroid:unspecified] AndroidManifest.xml:121:9-123:39
	android:value
		ADDED from [marqsdkunity:marqSDKAndroid:unspecified] AndroidManifest.xml:123:13-36
	android:name
		ADDED from [marqsdkunity:marqSDKAndroid:unspecified] AndroidManifest.xml:122:13-59
meta-data#com.marq.plus.ScratchPathPrefix
ADDED from [marqsdkunity:marqSDKAndroid:unspecified] AndroidManifest.xml:124:9-126:39
	android:value
		ADDED from [marqsdkunity:marqSDKAndroid:unspecified] AndroidManifest.xml:126:13-36
	android:name
		ADDED from [marqsdkunity:marqSDKAndroid:unspecified] AndroidManifest.xml:125:13-59
meta-data#com.marq.plus.GcmSendId
ADDED from [marqsdkunity:marqSDKAndroid:unspecified] AndroidManifest.xml:127:9-129:46
	android:value
		ADDED from [marqsdkunity:marqSDKAndroid:unspecified] AndroidManifest.xml:129:13-43
	android:name
		ADDED from [marqsdkunity:marqSDKAndroid:unspecified] AndroidManifest.xml:128:13-51
uses-permission#android.permission.READ_EXTERNAL_STORAGE
IMPLIED from src/main/AndroidManifest.xml:2:1-19:12 reason: com.marq.plus requested WRITE_EXTERNAL_STORAGE